[debug] [2021-11-01T23:59:53.869Z] ----------------------------------------------------------------------
[debug] [2021-11-01T23:59:53.871Z] Command:       C:\Program Files\nodejs\node.exe C:\Users\DucPM\AppData\Roaming\npm\node_modules\firebase-tools\lib\bin\firebase.js init
[debug] [2021-11-01T23:59:53.871Z] CLI Version:   9.20.0
[debug] [2021-11-01T23:59:53.871Z] Platform:      win32
[debug] [2021-11-01T23:59:53.872Z] Node Version:  v14.17.3
[debug] [2021-11-01T23:59:53.872Z] Time:          Tue Nov 02 2021 06:59:53 GMT+0700 (Indochina Time)
[debug] [2021-11-01T23:59:53.872Z] ----------------------------------------------------------------------
[debug] 
[debug] [2021-11-01T23:59:53.874Z] >>> [apiv2][query] GET https://firebase-public.firebaseio.com/cli.json [none]
[debug] [2021-11-01T23:59:53.895Z] > command requires scopes: ["email","openid","https://www.googleapis.com/auth/cloudplatformprojects.readonly","https://www.googleapis.com/auth/firebase","https://www.googleapis.com/auth/cloud-platform"]
[debug] [2021-11-01T23:59:53.895Z] > authorizing via signed-in user (minhducpham.it@gmail.com)
[info] 
     ######## #### ########  ######## ########     ###     ######  ########
     ##        ##  ##     ## ##       ##     ##  ##   ##  ##       ##
     ######    ##  ########  ######   ########  #########  ######  ######
     ##        ##  ##    ##  ##       ##     ## ##     ##       ## ##
     ##       #### ##     ## ######## ########  ##     ##  ######  ########

You're about to initialize a Firebase project in this directory:

  D:\xampp\htdocs\www\ksd

[debug] [2021-11-01T23:59:54.626Z] <<< [apiv2][status] GET https://firebase-public.firebaseio.com/cli.json 200
[debug] [2021-11-01T23:59:54.626Z] <<< [apiv2][body] GET https://firebase-public.firebaseio.com/cli.json {"cloudBuildErrorAfter":1594252800000,"cloudBuildWarnAfter":1590019200000,"defaultNode10After":1594252800000,"minVersion":"3.0.5","node8DeploysDisabledAfter":1613390400000,"node8RuntimeDisabledAfter":1615809600000,"node8WarnAfter":1600128000000}
[info] 
=== Project Setup
[info] 
[info] First, let's associate this project directory with a Firebase project.
[info] You can create multiple project aliases by running firebase use --add, 
[info] but for now we'll just set up a default project.
[info] 
[info] i  If you want to create a project in a Google Cloud organization or folder, please use "firebase projects:create" instead, and return to this command when you've created the project. 
[debug] [2021-11-02T00:00:34.425Z] > refreshing access token with scopes: ["email","https://www.googleapis.com/auth/cloud-platform","https://www.googleapis.com/auth/cloudplatformprojects.readonly","https://www.googleapis.com/auth/firebase","openid"]
[debug] [2021-11-02T00:00:34.426Z] >>> HTTP REQUEST POST https://www.googleapis.com/oauth2/v3/token  
 <request body omitted>
[debug] [2021-11-02T00:00:34.644Z] <<< HTTP RESPONSE 200 {"pragma":"no-cache","cache-control":"no-cache, no-store, max-age=0, must-revalidate","expires":"Mon, 01 Jan 1990 00:00:00 GMT","date":"Tue, 02 Nov 2021 00:00:33 GMT","content-type":"application/json; charset=utf-8","vary":"X-Origin, Referer, Origin,Accept-Encoding","server":"scaffolding on HTTPServer2","x-xss-protection":"0","x-frame-options":"SAMEORIGIN","x-content-type-options":"nosniff","alt-svc":"h3=\":443\"; ma=2592000,h3-29=\":443\"; ma=2592000,h3-Q050=\":443\"; ma=2592000,h3-Q046=\":443\"; ma=2592000,h3-Q043=\":443\"; ma=2592000,quic=\":443\"; ma=2592000; v=\"46,43\"","accept-ranges":"none","transfer-encoding":"chunked"}
[debug] [2021-11-02T00:00:34.655Z] >>> HTTP REQUEST POST https://cloudresourcemanager.googleapis.com/v1/projects  
 {"projectId":"KDS-JP","name":"525252"}
[debug] [2021-11-02T00:00:35.771Z] <<< HTTP RESPONSE 400 {"vary":"X-Origin, Referer, Origin,Accept-Encoding","content-type":"application/json; charset=UTF-8","date":"Tue, 02 Nov 2021 00:00:34 GMT","server":"ESF","cache-control":"private","x-xss-protection":"0","x-frame-options":"SAMEORIGIN","x-content-type-options":"nosniff","server-timing":"gfet4t7; dur=862","alt-svc":"h3=\":443\"; ma=2592000,h3-29=\":443\"; ma=2592000,h3-Q050=\":443\"; ma=2592000,h3-Q046=\":443\"; ma=2592000,h3-Q043=\":443\"; ma=2592000,quic=\":443\"; ma=2592000; v=\"46,43\"","accept-ranges":"none","transfer-encoding":"chunked"}
[debug] [2021-11-02T00:00:35.771Z] <<< HTTP RESPONSE BODY {"error":{"code":400,"message":"field [project_id] has issue [project_id contains invalid characters]","status":"INVALID_ARGUMENT","details":[{"@type":"type.googleapis.com/google.rpc.BadRequest","fieldViolations":[{"field":"project_id","description":"project_id contains invalid characters"}]},{"@type":"type.googleapis.com/google.rpc.Help","links":[{"url":"https://cloud.google.com/resource-manager/reference/rest/v1/projects"}]}]}}
[debug] [2021-11-02T00:00:35.994Z] FirebaseError: HTTP Error: 400, field [project_id] has issue [project_id contains invalid characters]
    at module.exports (C:\Users\DucPM\AppData\Roaming\npm\node_modules\firebase-tools\lib\responseToError.js:38:12)
    at Request._callback (C:\Users\DucPM\AppData\Roaming\npm\node_modules\firebase-tools\lib\api.js:41:35)
    at Request.self.callback (C:\Users\DucPM\AppData\Roaming\npm\node_modules\firebase-tools\node_modules\request\request.js:185:22)
    at Request.emit (events.js:375:28)
    at Request.emit (domain.js:470:12)
    at Request.<anonymous> (C:\Users\DucPM\AppData\Roaming\npm\node_modules\firebase-tools\node_modules\request\request.js:1154:10)
    at Request.emit (events.js:375:28)
    at Request.emit (domain.js:470:12)
    at IncomingMessage.<anonymous> (C:\Users\DucPM\AppData\Roaming\npm\node_modules\firebase-tools\node_modules\request\request.js:1076:12)
    at Object.onceWrapper (events.js:481:28)
    at IncomingMessage.emit (events.js:387:35)
    at IncomingMessage.emit (domain.js:470:12)
    at endReadableNT (internal/streams/readable.js:1317:12)
    at processTicksAndRejections (internal/process/task_queues.js:82:21)
[error] 
[error] Error: Failed to create project. See firebase-debug.log for more info.
[debug] [2021-11-02T00:01:20.780Z] ----------------------------------------------------------------------
[debug] [2021-11-02T00:01:20.781Z] Command:       C:\Program Files\nodejs\node.exe C:\Users\DucPM\AppData\Roaming\npm\node_modules\firebase-tools\lib\bin\firebase.js init
[debug] [2021-11-02T00:01:20.782Z] CLI Version:   9.20.0
[debug] [2021-11-02T00:01:20.782Z] Platform:      win32
[debug] [2021-11-02T00:01:20.782Z] Node Version:  v14.17.3
[debug] [2021-11-02T00:01:20.783Z] Time:          Tue Nov 02 2021 07:01:20 GMT+0700 (Indochina Time)
[debug] [2021-11-02T00:01:20.783Z] ----------------------------------------------------------------------
[debug] 
[debug] [2021-11-02T00:01:20.788Z] > command requires scopes: ["email","openid","https://www.googleapis.com/auth/cloudplatformprojects.readonly","https://www.googleapis.com/auth/firebase","https://www.googleapis.com/auth/cloud-platform"]
[debug] [2021-11-02T00:01:20.788Z] > authorizing via signed-in user (minhducpham.it@gmail.com)
[info] 
     ######## #### ########  ######## ########     ###     ######  ########
     ##        ##  ##     ## ##       ##     ##  ##   ##  ##       ##
     ######    ##  ########  ######   ########  #########  ######  ######
     ##        ##  ##    ##  ##       ##     ## ##     ##       ## ##
     ##       #### ##     ## ######## ########  ##     ##  ######  ########

You're about to initialize a Firebase project in this directory:

  D:\xampp\htdocs\www\ksd

[info] 
=== Project Setup
[info] 
[info] First, let's associate this project directory with a Firebase project.
[info] You can create multiple project aliases by running firebase use --add, 
[info] but for now we'll just set up a default project.
[info] 
[debug] [2021-11-02T00:01:49.979Z] > refreshing access token with scopes: []
[debug] [2021-11-02T00:01:49.980Z] >>> HTTP REQUEST POST https://www.googleapis.com/oauth2/v3/token  
 <request body omitted>
[debug] [2021-11-02T00:01:50.199Z] <<< HTTP RESPONSE 200 {"pragma":"no-cache","cache-control":"no-cache, no-store, max-age=0, must-revalidate","date":"Tue, 02 Nov 2021 00:01:48 GMT","expires":"Mon, 01 Jan 1990 00:00:00 GMT","content-type":"application/json; charset=utf-8","vary":"X-Origin, Referer, Origin,Accept-Encoding","server":"scaffolding on HTTPServer2","x-xss-protection":"0","x-frame-options":"SAMEORIGIN","x-content-type-options":"nosniff","alt-svc":"h3=\":443\"; ma=2592000,h3-29=\":443\"; ma=2592000,h3-Q050=\":443\"; ma=2592000,h3-Q046=\":443\"; ma=2592000,h3-Q043=\":443\"; ma=2592000,quic=\":443\"; ma=2592000; v=\"46,43\"","accept-ranges":"none","transfer-encoding":"chunked"}
[debug] [2021-11-02T00:01:50.208Z] >>> [apiv2][query] GET https://firebase.googleapis.com/v1beta1/projects pageSize=100
[debug] [2021-11-02T00:01:51.329Z] <<< [apiv2][status] GET https://firebase.googleapis.com/v1beta1/projects 200
[debug] [2021-11-02T00:01:51.330Z] <<< [apiv2][body] GET https://firebase.googleapis.com/v1beta1/projects [omitted]
[info] i  Using project kds-info (kds-info) 
[info] 
=== Hosting Setup
[info] 
[info] Your public directory is the folder (relative to your project directory) that
[info] will contain Hosting assets to be uploaded with firebase deploy. If you
[info] have a build process for your assets, use your build's output directory.
[info] 
[info] +  Wrote public/404.html 
[debug] [2021-11-02T00:02:42.316Z] >>> [apiv2][query] GET https://www.gstatic.com/firebasejs/releases.json [none]
[debug] [2021-11-02T00:02:42.545Z] <<< [apiv2][status] GET https://www.gstatic.com/firebasejs/releases.json 200
[debug] [2021-11-02T00:02:42.545Z] <<< [apiv2][body] GET https://www.gstatic.com/firebasejs/releases.json {"current":{"version":"9.2.0","browserURL":"https://www.gstatic.com/firebasejs/9.2.0/firebase.js","packageURL":"https://www.gstatic.com/firebasejs/9.2.0/firebase.tgz"},"live":{"version":"9.2","browserURL":"https://www.gstatic.com/firebasejs/live/9.2/firebase.js","packageURL":"https://www.gstatic.com/firebasejs/live/9.2/firebase.tgz"},"components":{"analytics":"https://www.gstatic.com/firebasejs/9.2.0/firebase-analytics.js","app":"https://www.gstatic.com/firebasejs/9.2.0/firebase-app.js","app-check":"https://www.gstatic.com/firebasejs/9.2.0/firebase-app-check.js","auth":"https://www.gstatic.com/firebasejs/9.2.0/firebase-auth.js","auth/cordova":"https://www.gstatic.com/firebasejs/9.2.0/firebase-auth/cordova.js","auth/react-native":"https://www.gstatic.com/firebasejs/9.2.0/firebase-auth/react-native.js","functions":"https://www.gstatic.com/firebasejs/9.2.0/firebase-functions.js","firestore":"https://www.gstatic.com/firebasejs/9.2.0/firebase-firestore.js","firestore/lite":"https://www.gstatic.com/firebasejs/9.2.0/firebase-firestore/lite.js","storage":"https://www.gstatic.com/firebasejs/9.2.0/firebase-storage.js","performance":"https://www.gstatic.com/firebasejs/9.2.0/firebase-performance.js","remote-config":"https://www.gstatic.com/firebasejs/9.2.0/firebase-remote-config.js","messaging":"https://www.gstatic.com/firebasejs/9.2.0/firebase-messaging.js","messaging/sw":"https://www.gstatic.com/firebasejs/9.2.0/firebase-messaging/sw.js","database":"https://www.gstatic.com/firebasejs/9.2.0/firebase-database.js","firestore.memory":"https://www.gstatic.com/firebasejs/9.2.0/firebase-firestore.memory.js"}}
[info] i  Skipping write of public/index.html 
[info] 
[info] i  Didn't detect a .git folder. Assuming D:\xampp\htdocs\www\ksd is the project root. 
[info] i  Authorizing with GitHub to upload your service account to a GitHub repository's secrets store. 
[info] 
[info] Visit this URL on this device to log in:
[info] https://github.com/login/oauth/authorize?client_id=89cf50f02ac6aaed3484&state=123274627&redirect_uri=http%3A%2F%2Flocalhost%3A9005&scope=read%3Auser%20repo%20public_repo
[info] 
[info] Waiting for authentication...
[debug] [2021-11-02T00:02:49.689Z] >>> HTTP REQUEST POST https://github.com/login/oauth/access_token  
 {"client_id":"89cf50f02ac6aaed3484","client_secret":"3330d14abc895d9a74d5f17cd7a00711fa2c5bf0","code":"4ec34c2165ef92d8c54d","redirect_uri":"http://localhost:9005","state":"123274627"}
[debug] [2021-11-02T00:02:50.241Z] <<< HTTP RESPONSE 200 {"server":"GitHub.com","date":"Tue, 02 Nov 2021 00:02:48 GMT","content-type":"application/json; charset=utf-8","transfer-encoding":"chunked","vary":"X-PJAX, X-PJAX-Container, Accept-Encoding, Accept, X-Requested-With","permissions-policy":"interest-cohort=()","etag":"W/\"133774d145abc9a153f4041b01a9a525\"","cache-control":"max-age=0, private, must-revalidate","strict-transport-security":"max-age=31536000; includeSubdomains; preload","x-frame-options":"deny","x-content-type-options":"nosniff","x-xss-protection":"0","referrer-policy":"origin-when-cross-origin, strict-origin-when-cross-origin","expect-ct":"max-age=2592000, report-uri=\"https://api.github.com/_private/browser/errors\"","content-security-policy":"default-src 'none'; base-uri 'self'; block-all-mixed-content; child-src github.com/assets-cdn/worker/ gist.github.com/assets-cdn/worker/; connect-src 'self' uploads.github.com objects-origin.githubusercontent.com www.githubstatus.com collector.githubapp.com api.github.com github-cloud.s3.amazonaws.com github-production-repository-file-5c1aeb.s3.amazonaws.com github-production-upload-manifest-file-7fdce7.s3.amazonaws.com github-production-user-asset-6210df.s3.amazonaws.com cdn.optimizely.com logx.optimizely.com/v1/events translator.github.com wss://alive.github.com; font-src github.githubassets.com; form-action 'self' github.com gist.github.com objects-origin.githubusercontent.com; frame-ancestors 'none'; frame-src render.githubusercontent.com viewscreen.githubusercontent.com notebooks.githubusercontent.com; img-src 'self' data: github.githubassets.com identicons.github.com collector.githubapp.com github-cloud.s3.amazonaws.com secured-user-images.githubusercontent.com/ *.githubusercontent.com; manifest-src 'self'; media-src github.com user-images.githubusercontent.com/; script-src github.githubassets.com; style-src 'unsafe-inline' github.githubassets.com; worker-src github.com/assets-cdn/worker/ gist.github.com/assets-cdn/worker/","x-github-request-id":"E9F5:19E9:9D97C6:C729F8:61808028"}
[debug] [2021-11-02T00:02:50.248Z] >>> [apiv2][query] GET https://api.github.com/user [none]
[debug] [2021-11-02T00:02:50.746Z] <<< [apiv2][status] GET https://api.github.com/user 200
[debug] [2021-11-02T00:02:50.746Z] <<< [apiv2][body] GET https://api.github.com/user {"login":"phamminhduc209","id":12380807,"node_id":"MDQ6VXNlcjEyMzgwODA3","avatar_url":"https://avatars.githubusercontent.com/u/12380807?v=4","gravatar_id":"","url":"https://api.github.com/users/phamminhduc209","html_url":"https://github.com/phamminhduc209","followers_url":"https://api.github.com/users/phamminhduc209/followers","following_url":"https://api.github.com/users/phamminhduc209/following{/other_user}","gists_url":"https://api.github.com/users/phamminhduc209/gists{/gist_id}","starred_url":"https://api.github.com/users/phamminhduc209/starred{/owner}{/repo}","subscriptions_url":"https://api.github.com/users/phamminhduc209/subscriptions","organizations_url":"https://api.github.com/users/phamminhduc209/orgs","repos_url":"https://api.github.com/users/phamminhduc209/repos","events_url":"https://api.github.com/users/phamminhduc209/events{/privacy}","received_events_url":"https://api.github.com/users/phamminhduc209/received_events","type":"User","site_admin":false,"name":"Duc Pham","company":null,"blog":"","location":"Viet Nam","email":null,"hireable":true,"bio":null,"twitter_username":null,"public_repos":51,"public_gists":0,"followers":2,"following":3,"created_at":"2015-05-10T12:08:15Z","updated_at":"2021-11-02T00:02:47Z","private_gists":0,"total_private_repos":4,"owned_private_repos":4,"disk_usage":1229663,"collaborators":2,"two_factor_authentication":false,"plan":{"name":"free","space":976562499,"collaborators":0,"private_repos":10000}}
[info] 
[info] +  Success! Logged into GitHub as phamminhduc209 
[info] 
